Using pre-set license
Built from '2020.2/release' branch; Version is '2020.2.1f1 (270dd8c3da1c) revision 2559448'; Using compiler version '192528614'; Build Type 'Release'
OS: 'Windows 10  (10.0.0) 64bit' Language: 'en' Physical Memory: 16299 MB
BatchMode: 1, IsHumanControllingUs: 0, StartBugReporterOnCrash: 0, Is64bit: 1, IsPro: 0

 COMMAND LINE ARGUMENTS:
C:\Program Files\Unity\Hub\Editor\2020.2.1f1\Editor\Unity.exe
-adb2
-batchMode
-noUpm
-name
AssetImportWorker0
-projectPath
C:/Users/Tomas/Documents/Unity Projects/The Last Typist
-logFile
Logs/AssetImportWorker0.log
-srvPort
62886
Successfully changed project path to: C:/Users/Tomas/Documents/Unity Projects/The Last Typist
C:/Users/Tomas/Documents/Unity Projects/The Last Typist
Using Asset Import Pipeline V2.
Refreshing native plugins compatible for Editor in 26.32 ms, found 0 plugins.
Preloading 0 native plugins for Editor in 0.00 ms.
Initialize engine version: 2020.2.1f1 (270dd8c3da1c)
[Subsystems] Discovering subsystems at path C:/Program Files/Unity/Hub/Editor/2020.2.1f1/Editor/Data/Resources/UnitySubsystems
[Subsystems] Discovering subsystems at path C:/Users/Tomas/Documents/Unity Projects/The Last Typist/Assets
GfxDevice: creating device client; threaded=0
Direct3D:
    Version:  Direct3D 11.0 [level 11.1]
    Renderer: NVIDIA GeForce GTX 970 (ID=0x13c2)
    Vendor:   
    VRAM:     4043 MB
    Driver:   27.21.14.5638
Initialize mono
Mono path[0] = 'C:/Program Files/Unity/Hub/Editor/2020.2.1f1/Editor/Data/Managed'
Mono path[1] = 'C:/Program Files/Unity/Hub/Editor/2020.2.1f1/Editor/Data/MonoBleedingEdge/lib/mono/unityjit'
Mono config path = 'C:/Program Files/Unity/Hub/Editor/2020.2.1f1/Editor/Data/MonoBleedingEdge/etc'
Using monoOptions --debugger-agent=transport=dt_socket,embedding=1,server=y,suspend=n,address=127.0.0.1:56428
Begin MonoManager ReloadAssembly
Registering precompiled unity dll's ...
Register platform support module: C:/Program Files/Unity/Hub/Editor/2020.2.1f1/Editor/Data/PlaybackEngines/WebGLSupport/UnityEditor.WebGL.Extensions.dll
Register platform support module: C:/Program Files/Unity/Hub/Editor/2020.2.1f1/Editor/Data/PlaybackEngines/WindowsStandaloneSupport/UnityEditor.WindowsStandalone.Extensions.dll
Registered in 0.002658 seconds.
Native extension for WindowsStandalone target not found
Native extension for WebGL target not found
Refreshing native plugins compatible for Editor in 24.35 ms, found 0 plugins.
Preloading 0 native plugins for Editor in 0.00 ms.
Invoked RoslynAnalysisRunner static constructor.
RoslynAnalysisRunner will not be running.
RoslynAnalysisRunner has terminated.
Mono: successfully reloaded assembly
- Completed reload, in  2.273 seconds
Platform modules already initialized, skipping
Registering precompiled user dll's ...
Registered in 0.000820 seconds.
Begin MonoManager ReloadAssembly
Native extension for WindowsStandalone target not found
Native extension for WebGL target not found
Refreshing native plugins compatible for Editor in 0.21 ms, found 0 plugins.
Preloading 0 native plugins for Editor in 0.00 ms.
Invoked RoslynAnalysisRunner static constructor.
RoslynAnalysisRunner will not be running.
RoslynAnalysisRunner has terminated.
Mono: successfully reloaded assembly
- Completed reload, in  0.858 seconds
Platform modules already initialized, skipping
========================================================================
Worker process is ready to serve import requests
Launched and connected shader compiler UnityShaderCompiler.exe after 0.09 seconds
Refreshing native plugins compatible for Editor in 0.21 ms, found 0 plugins.
Preloading 0 native plugins for Editor in 0.00 ms.
Unloading 1205 Unused Serialized files (Serialized files now loaded: 0)
System memory in use before: 64.2 MB.
System memory in use after: 64.3 MB.

Unloading 9 unused Assets to reduce memory usage. Loaded Objects now: 1648.
Total: 1.509200 ms (FindLiveObjects: 0.120800 ms CreateObjectMapping: 0.041300 ms MarkObjects: 1.306700 ms  DeleteObjects: 0.039600 ms)

========================================================================
Received Import Request.
  path: Assets/insta scene.unity
  artifactKey: Guid(5b5876deeb8df414791bf2cc0e90afb1) Importer(815301076,1909f56bfc062723c751e8b465ee728b)
Start importing Assets/insta scene.unity using Guid(5b5876deeb8df414791bf2cc0e90afb1) Importer(815301076,1909f56bfc062723c751e8b465ee728b)  -> (artifact id: '5007fdf2234e32e3fd7b90c3fa4c6d2a') in 0.022021 seconds
  Import took 0.023958 seconds .

========================================================================
Received Import Request.
  Time since last request: 240.632727 seconds.
  path: Assets/scene1.unity
  artifactKey: Guid(0ee09b7f262bf774ab993479974afc82) Importer(815301076,1909f56bfc062723c751e8b465ee728b)
Start importing Assets/scene1.unity using Guid(0ee09b7f262bf774ab993479974afc82) Importer(815301076,1909f56bfc062723c751e8b465ee728b)  -> (artifact id: '613d94b70ae23459037d3469ae3cef28') in 0.011590 seconds
  Import took 0.013810 seconds .

========================================================================
Received Prepare
Registering precompiled user dll's ...
Registered in 0.000756 seconds.
Begin MonoManager ReloadAssembly
Native extension for WindowsStandalone target not found
Native extension for WebGL target not found
Refreshing native plugins compatible for Editor in 0.22 ms, found 0 plugins.
Preloading 0 native plugins for Editor in 0.00 ms.
Invoked RoslynAnalysisRunner static constructor.
RoslynAnalysisRunner will not be running.
RoslynAnalysisRunner has terminated.
Mono: successfully reloaded assembly
- Completed reload, in  0.810 seconds
Platform modules already initialized, skipping
Refreshing native plugins compatible for Editor in 0.27 ms, found 0 plugins.
Preloading 0 native plugins for Editor in 0.00 ms.
Unloading 1173 Unused Serialized files (Serialized files now loaded: 0)
System memory in use before: 62.4 MB.
System memory in use after: 62.5 MB.

Unloading 4 unused Assets to reduce memory usage. Loaded Objects now: 1650.
Total: 1.591700 ms (FindLiveObjects: 0.128500 ms CreateObjectMapping: 0.034000 ms MarkObjects: 1.415100 ms  DeleteObjects: 0.013200 ms)

========================================================================
Received Import Request.
  Time since last request: 24.192296 seconds.
  path: Assets/insta scene.unity
  artifactKey: Guid(5b5876deeb8df414791bf2cc0e90afb1) Importer(815301076,1909f56bfc062723c751e8b465ee728b)
Start importing Assets/insta scene.unity using Guid(5b5876deeb8df414791bf2cc0e90afb1) Importer(815301076,1909f56bfc062723c751e8b465ee728b)  -> (artifact id: '67ccdc207a2a23dffde70fe3242dc745') in 0.019979 seconds
  Import took 0.023024 seconds .

========================================================================
Received Prepare
Registering precompiled user dll's ...
Registered in 0.001187 seconds.
Begin MonoManager ReloadAssembly
Native extension for WindowsStandalone target not found
Native extension for WebGL target not found
Refreshing native plugins compatible for Editor in 0.23 ms, found 0 plugins.
Preloading 0 native plugins for Editor in 0.00 ms.
Invoked RoslynAnalysisRunner static constructor.
RoslynAnalysisRunner will not be running.
RoslynAnalysisRunner has terminated.
Mono: successfully reloaded assembly
- Completed reload, in  0.881 seconds
Platform modules already initialized, skipping
Refreshing native plugins compatible for Editor in 0.26 ms, found 0 plugins.
Preloading 0 native plugins for Editor in 0.00 ms.
Unloading 1173 Unused Serialized files (Serialized files now loaded: 0)
System memory in use before: 63.0 MB.
System memory in use after: 63.1 MB.

Unloading 4 unused Assets to reduce memory usage. Loaded Objects now: 1652.
Total: 2.504900 ms (FindLiveObjects: 0.206500 ms CreateObjectMapping: 0.066700 ms MarkObjects: 2.204100 ms  DeleteObjects: 0.026000 ms)

========================================================================
Received Prepare
Registering precompiled user dll's ...
Registered in 0.001379 seconds.
Begin MonoManager ReloadAssembly
Native extension for WindowsStandalone target not found
Native extension for WebGL target not found
Refreshing native plugins compatible for Editor in 0.22 ms, found 0 plugins.
Preloading 0 native plugins for Editor in 0.00 ms.
Invoked RoslynAnalysisRunner static constructor.
RoslynAnalysisRunner will not be running.
RoslynAnalysisRunner has terminated.
Mono: successfully reloaded assembly
- Completed reload, in  0.988 seconds
Platform modules already initialized, skipping
Refreshing native plugins compatible for Editor in 0.23 ms, found 0 plugins.
Preloading 0 native plugins for Editor in 0.00 ms.
Unloading 1173 Unused Serialized files (Serialized files now loaded: 0)
System memory in use before: 63.5 MB.
System memory in use after: 63.6 MB.

Unloading 4 unused Assets to reduce memory usage. Loaded Objects now: 1654.
Total: 1.605300 ms (FindLiveObjects: 0.135600 ms CreateObjectMapping: 0.040000 ms MarkObjects: 1.412000 ms  DeleteObjects: 0.016600 ms)

========================================================================
Received Prepare
Registering precompiled user dll's ...
Registered in 0.001016 seconds.
Begin MonoManager ReloadAssembly
Native extension for WindowsStandalone target not found
Native extension for WebGL target not found
Refreshing native plugins compatible for Editor in 0.28 ms, found 0 plugins.
Preloading 0 native plugins for Editor in 0.00 ms.
Invoked RoslynAnalysisRunner static constructor.
RoslynAnalysisRunner will not be running.
RoslynAnalysisRunner has terminated.
Mono: successfully reloaded assembly
- Completed reload, in  1.096 seconds
Platform modules already initialized, skipping
Refreshing native plugins compatible for Editor in 0.22 ms, found 0 plugins.
Preloading 0 native plugins for Editor in 0.00 ms.
Unloading 1173 Unused Serialized files (Serialized files now loaded: 0)
System memory in use before: 63.1 MB.
System memory in use after: 63.2 MB.

Unloading 4 unused Assets to reduce memory usage. Loaded Objects now: 1656.
Total: 1.860900 ms (FindLiveObjects: 0.152200 ms CreateObjectMapping: 0.056700 ms MarkObjects: 1.632900 ms  DeleteObjects: 0.017900 ms)

========================================================================
Received Prepare
Registering precompiled user dll's ...
Registered in 0.000862 seconds.
Begin MonoManager ReloadAssembly
Native extension for WindowsStandalone target not found
Native extension for WebGL target not found
Refreshing native plugins compatible for Editor in 0.22 ms, found 0 plugins.
Preloading 0 native plugins for Editor in 0.00 ms.
Invoked RoslynAnalysisRunner static constructor.
RoslynAnalysisRunner will not be running.
RoslynAnalysisRunner has terminated.
Mono: successfully reloaded assembly
- Completed reload, in  0.901 seconds
Platform modules already initialized, skipping
Refreshing native plugins compatible for Editor in 0.21 ms, found 0 plugins.
Preloading 0 native plugins for Editor in 0.00 ms.
Unloading 1173 Unused Serialized files (Serialized files now loaded: 0)
System memory in use before: 63.5 MB.
System memory in use after: 63.6 MB.

Unloading 4 unused Assets to reduce memory usage. Loaded Objects now: 1658.
Total: 1.738900 ms (FindLiveObjects: 0.219900 ms CreateObjectMapping: 0.066900 ms MarkObjects: 1.435600 ms  DeleteObjects: 0.015300 ms)

========================================================================
Received Import Request.
  Time since last request: 5764.113508 seconds.
  path: Assets/Scripts
  artifactKey: Guid(0d844b49eee1e2f408930aa3090b7a17) Importer(815301076,1909f56bfc062723c751e8b465ee728b)
Start importing Assets/Scripts using Guid(0d844b49eee1e2f408930aa3090b7a17) Importer(815301076,1909f56bfc062723c751e8b465ee728b)  -> (artifact id: '81215c5f781a62b2ea5a97509d703bd5') in 0.016366 seconds
  Import took 0.023539 seconds .

========================================================================
Received Prepare
Registering precompiled user dll's ...
Registered in 0.001487 seconds.
Begin MonoManager ReloadAssembly
Native extension for WindowsStandalone target not found
Native extension for WebGL target not found
Refreshing native plugins compatible for Editor in 0.21 ms, found 0 plugins.
Preloading 0 native plugins for Editor in 0.00 ms.
Invoked RoslynAnalysisRunner static constructor.
RoslynAnalysisRunner will not be running.
RoslynAnalysisRunner has terminated.
Mono: successfully reloaded assembly
- Completed reload, in  0.915 seconds
Platform modules already initialized, skipping
Refreshing native plugins compatible for Editor in 0.23 ms, found 0 plugins.
Preloading 0 native plugins for Editor in 0.00 ms.
Unloading 1173 Unused Serialized files (Serialized files now loaded: 0)
System memory in use before: 63.2 MB.
System memory in use after: 63.3 MB.

Unloading 4 unused Assets to reduce memory usage. Loaded Objects now: 1660.
Total: 2.151300 ms (FindLiveObjects: 0.158000 ms CreateObjectMapping: 0.045600 ms MarkObjects: 1.931400 ms  DeleteObjects: 0.015300 ms)

========================================================================
Received Import Request.
  Time since last request: 642.176352 seconds.
  path: Assets/Animations/Basic Zombie/Basic Zombie Walk Animation.anim
  artifactKey: Guid(d50259c1ad45a134797be501dd0d1e38) Importer(815301076,1909f56bfc062723c751e8b465ee728b)
Start importing Assets/Animations/Basic Zombie/Basic Zombie Walk Animation.anim using Guid(d50259c1ad45a134797be501dd0d1e38) Importer(815301076,1909f56bfc062723c751e8b465ee728b)  -> (artifact id: '8871bb9e177e12b97433ceb0f3b789df') in 0.069102 seconds
  Import took 0.072241 seconds .

========================================================================
Received Import Request.
  Time since last request: 98.723602 seconds.
  path: Assets/Animations/Basic Zombie/Basic Zombie.controller
  artifactKey: Guid(1bcf1c54e7c60a448bd7534cbcec5c23) Importer(815301076,1909f56bfc062723c751e8b465ee728b)
Start importing Assets/Animations/Basic Zombie/Basic Zombie.controller using Guid(1bcf1c54e7c60a448bd7534cbcec5c23) Importer(815301076,1909f56bfc062723c751e8b465ee728b)  -> (artifact id: 'a8c103cda8e63779410316f2ad12100f') in 0.021727 seconds
  Import took 0.024760 seconds .

========================================================================
Received Import Request.
  Time since last request: 62.393652 seconds.
  path: Assets/Animations/Basic Zombie/Head explodes.anim
  artifactKey: Guid(b60ca8a5f4bb0684fb30aa7641b0897b) Importer(815301076,1909f56bfc062723c751e8b465ee728b)
Start importing Assets/Animations/Basic Zombie/Head explodes.anim using Guid(b60ca8a5f4bb0684fb30aa7641b0897b) Importer(815301076,1909f56bfc062723c751e8b465ee728b)  -> (artifact id: '80d6535ddabc9fad940e68b180700302') in 0.013353 seconds
  Import took 0.016426 seconds .

========================================================================
Received Import Request.
  Time since last request: 0.002407 seconds.
  path: Assets/Animations/Basic Zombie/Head explodes.anim
  artifactKey: Guid(b60ca8a5f4bb0684fb30aa7641b0897b) Importer(815301076,1909f56bfc062723c751e8b465ee728b)
Start importing Assets/Animations/Basic Zombie/Head explodes.anim using Guid(b60ca8a5f4bb0684fb30aa7641b0897b) Importer(815301076,1909f56bfc062723c751e8b465ee728b)  -> (artifact id: '80d6535ddabc9fad940e68b180700302') in 0.007333 seconds
  Import took 0.009781 seconds .

========================================================================
Received Import Request.
  Time since last request: 188.063372 seconds.
  path: Assets/Animations/Player Character/PLayer Sprite Container.controller
  artifactKey: Guid(15b0860d9326db641ad6fa7836f53ec6) Importer(815301076,1909f56bfc062723c751e8b465ee728b)
Start importing Assets/Animations/Player Character/PLayer Sprite Container.controller using Guid(15b0860d9326db641ad6fa7836f53ec6) Importer(815301076,1909f56bfc062723c751e8b465ee728b)  -> (artifact id: '724fb9a17f3a680129065ccf3b5fe06f') in 0.023360 seconds
  Import took 0.026578 seconds .

========================================================================
Received Prepare
Registering precompiled user dll's ...
Registered in 0.001567 seconds.
Begin MonoManager ReloadAssembly
Native extension for WindowsStandalone target not found
Native extension for WebGL target not found
Refreshing native plugins compatible for Editor in 0.37 ms, found 0 plugins.
Preloading 0 native plugins for Editor in 0.00 ms.
Invoked RoslynAnalysisRunner static constructor.
RoslynAnalysisRunner will not be running.
RoslynAnalysisRunner has terminated.
Mono: successfully reloaded assembly
- Completed reload, in  0.935 seconds
Platform modules already initialized, skipping
Refreshing native plugins compatible for Editor in 0.25 ms, found 0 plugins.
Preloading 0 native plugins for Editor in 0.00 ms.
Unloading 1173 Unused Serialized files (Serialized files now loaded: 0)
System memory in use before: 63.5 MB.
System memory in use after: 63.6 MB.

Unloading 4 unused Assets to reduce memory usage. Loaded Objects now: 1662.
Total: 1.520000 ms (FindLiveObjects: 0.122500 ms CreateObjectMapping: 0.036000 ms MarkObjects: 1.344900 ms  DeleteObjects: 0.015200 ms)

========================================================================
Received Import Request.
  Time since last request: 191.812460 seconds.
  path: Assets/Sprites/Basic Zombie/Stitch man.png
  artifactKey: Guid(1152af61545ad2d499c490e68b57a3a9) Importer(815301076,1909f56bfc062723c751e8b465ee728b)
Start importing Assets/Sprites/Basic Zombie/Stitch man.png using Guid(1152af61545ad2d499c490e68b57a3a9) Importer(815301076,1909f56bfc062723c751e8b465ee728b)  -> (artifact id: '835425dc3f7eaa6955cf6e52da6bceb4') in 0.216997 seconds
  Import took 0.220311 seconds .

========================================================================
Received Import Request.
  Time since last request: 20.059038 seconds.
  path: Assets/Sprites/Basic Zombie/Stitch man.png
  artifactKey: Guid(1152af61545ad2d499c490e68b57a3a9) Importer(815301076,1909f56bfc062723c751e8b465ee728b)
Start importing Assets/Sprites/Basic Zombie/Stitch man.png using Guid(1152af61545ad2d499c490e68b57a3a9) Importer(815301076,1909f56bfc062723c751e8b465ee728b)  -> (artifact id: '5c043c3a0ed7cb098bc1912910e40ab8') in 0.020762 seconds
  Import took 0.023743 seconds .

========================================================================
Received Prepare
Registering precompiled user dll's ...
Registered in 0.001361 seconds.
Begin MonoManager ReloadAssembly
Native extension for WindowsStandalone target not found
Native extension for WebGL target not found
Refreshing native plugins compatible for Editor in 0.33 ms, found 0 plugins.
Preloading 0 native plugins for Editor in 0.00 ms.
Invoked RoslynAnalysisRunner static constructor.
RoslynAnalysisRunner will not be running.
RoslynAnalysisRunner has terminated.
Mono: successfully reloaded assembly
- Completed reload, in  1.094 seconds
Platform modules already initialized, skipping
Refreshing native plugins compatible for Editor in 0.23 ms, found 0 plugins.
Preloading 0 native plugins for Editor in 0.00 ms.
Unloading 1207 Unused Serialized files (Serialized files now loaded: 0)
System memory in use before: 67.4 MB.
System memory in use after: 67.5 MB.

Unloading 4 unused Assets to reduce memory usage. Loaded Objects now: 1704.
Total: 2.284600 ms (FindLiveObjects: 0.243300 ms CreateObjectMapping: 0.070900 ms MarkObjects: 1.945000 ms  DeleteObjects: 0.023800 ms)

========================================================================
Received Import Request.
  Time since last request: 105.067975 seconds.
  path: Assets/Sprites/Basic Zombie/Stitch man.png
  artifactKey: Guid(1152af61545ad2d499c490e68b57a3a9) Importer(815301076,1909f56bfc062723c751e8b465ee728b)
Start importing Assets/Sprites/Basic Zombie/Stitch man.png using Guid(1152af61545ad2d499c490e68b57a3a9) Importer(815301076,1909f56bfc062723c751e8b465ee728b)  -> (artifact id: '074ea3689e5c9ba30952ff2d0edf9e45') in 0.091658 seconds
  Import took 0.095030 seconds .

========================================================================
Received Import Request.
  Time since last request: 23.807423 seconds.
  path: Assets/Sprites/Basic Zombie
  artifactKey: Guid(6c0185d78e37e444c8055aef24607b38) Importer(815301076,1909f56bfc062723c751e8b465ee728b)
Start importing Assets/Sprites/Basic Zombie using Guid(6c0185d78e37e444c8055aef24607b38) Importer(815301076,1909f56bfc062723c751e8b465ee728b)  -> (artifact id: 'c85b17421a75f4388cbeef6b293bfba9') in 0.015236 seconds
  Import took 0.017927 seconds .

========================================================================
Received Import Request.
  Time since last request: 61.918692 seconds.
  path: Assets/PP/ThePP.asset
  artifactKey: Guid(afe97292fdf34ef4bb4c7ca063e7780d) Importer(815301076,1909f56bfc062723c751e8b465ee728b)
Start importing Assets/PP/ThePP.asset using Guid(afe97292fdf34ef4bb4c7ca063e7780d) Importer(815301076,1909f56bfc062723c751e8b465ee728b)  -> (artifact id: 'c02c8f9509e69d811eff7b0e03168889') in 0.038504 seconds
  Import took 0.041458 seconds .

========================================================================
Received Import Request.
  Time since last request: 343.092534 seconds.
  path: Assets/Animations/Basic Zombie/Basic Zombie.controller
  artifactKey: Guid(1bcf1c54e7c60a448bd7534cbcec5c23) Importer(815301076,1909f56bfc062723c751e8b465ee728b)
Start importing Assets/Animations/Basic Zombie/Basic Zombie.controller using Guid(1bcf1c54e7c60a448bd7534cbcec5c23) Importer(815301076,1909f56bfc062723c751e8b465ee728b)  -> (artifact id: '6c25708c2577f74743342c473be4811d') in 0.009665 seconds
  Import took 0.012281 seconds .

========================================================================
Received Import Request.
  Time since last request: 53.317251 seconds.
  path: Assets/Animations/Basic Zombie
  artifactKey: Guid(b6b9d93fb601cd54d8c1b24591124c2e) Importer(815301076,1909f56bfc062723c751e8b465ee728b)
Start importing Assets/Animations/Basic Zombie using Guid(b6b9d93fb601cd54d8c1b24591124c2e) Importer(815301076,1909f56bfc062723c751e8b465ee728b)  -> (artifact id: 'f9c24be6a316b2eb3d4c0b4cee23c2bf') in 0.006370 seconds
  Import took 0.008899 seconds .

========================================================================
Received Import Request.
  Time since last request: 14.642939 seconds.
  path: Assets/Animations/Basic Zombie/dead.anim
  artifactKey: Guid(a5575df77d2befc40ae43fb41107bafd) Importer(815301076,1909f56bfc062723c751e8b465ee728b)
Start importing Assets/Animations/Basic Zombie/dead.anim using Guid(a5575df77d2befc40ae43fb41107bafd) Importer(815301076,1909f56bfc062723c751e8b465ee728b)  -> (artifact id: '0259b0d5b49e3424805bc5863159b5ed') in 0.014420 seconds
  Import took 0.017284 seconds .

========================================================================
Received Import Request.
  Time since last request: 0.002240 seconds.
  path: Assets/Animations/Basic Zombie/dead.anim
  artifactKey: Guid(a5575df77d2befc40ae43fb41107bafd) Importer(815301076,1909f56bfc062723c751e8b465ee728b)
Start importing Assets/Animations/Basic Zombie/dead.anim using Guid(a5575df77d2befc40ae43fb41107bafd) Importer(815301076,1909f56bfc062723c751e8b465ee728b)  -> (artifact id: '0259b0d5b49e3424805bc5863159b5ed') in 0.008603 seconds
  Import took 0.011411 seconds .

========================================================================
Received Prepare
Registering precompiled user dll's ...
Registered in 0.000828 seconds.
Begin MonoManager ReloadAssembly
Native extension for WindowsStandalone target not found
Native extension for WebGL target not found
Refreshing native plugins compatible for Editor in 0.33 ms, found 0 plugins.
Preloading 0 native plugins for Editor in 0.00 ms.
Invoked RoslynAnalysisRunner static constructor.
RoslynAnalysisRunner will not be running.
RoslynAnalysisRunner has terminated.
Mono: successfully reloaded assembly
- Completed reload, in  0.945 seconds
Platform modules already initialized, skipping
Refreshing native plugins compatible for Editor in 0.24 ms, found 0 plugins.
Preloading 0 native plugins for Editor in 0.00 ms.
Unloading 1207 Unused Serialized files (Serialized files now loaded: 0)
System memory in use before: 67.8 MB.
System memory in use after: 67.9 MB.

Unloading 4 unused Assets to reduce memory usage. Loaded Objects now: 1723.
Total: 1.598100 ms (FindLiveObjects: 0.148800 ms CreateObjectMapping: 0.042700 ms MarkObjects: 1.390900 ms  DeleteObjects: 0.014600 ms)

========================================================================
Received Import Request.
  Time since last request: 133.416033 seconds.
  path: Assets/Animations/Basic Zombie/Basic Zombie Walk Animation.anim
  artifactKey: Guid(d50259c1ad45a134797be501dd0d1e38) Importer(815301076,1909f56bfc062723c751e8b465ee728b)
Start importing Assets/Animations/Basic Zombie/Basic Zombie Walk Animation.anim using Guid(d50259c1ad45a134797be501dd0d1e38) Importer(815301076,1909f56bfc062723c751e8b465ee728b)  -> (artifact id: 'ac4785c39ee29ecf56e5cdebea29a015') in 0.023796 seconds
  Import took 0.026387 seconds .

========================================================================
Received Prepare
Registering precompiled user dll's ...
Registered in 0.000922 seconds.
Begin MonoManager ReloadAssembly
Native extension for WindowsStandalone target not found
Native extension for WebGL target not found
Refreshing native plugins compatible for Editor in 0.23 ms, found 0 plugins.
Preloading 0 native plugins for Editor in 0.00 ms.
Invoked RoslynAnalysisRunner static constructor.
RoslynAnalysisRunner will not be running.
RoslynAnalysisRunner has terminated.
Mono: successfully reloaded assembly
- Completed reload, in  0.906 seconds
Platform modules already initialized, skipping
Refreshing native plugins compatible for Editor in 0.26 ms, found 0 plugins.
Preloading 0 native plugins for Editor in 0.00 ms.
Unloading 1207 Unused Serialized files (Serialized files now loaded: 0)
System memory in use before: 67.6 MB.
System memory in use after: 67.7 MB.

Unloading 4 unused Assets to reduce memory usage. Loaded Objects now: 1725.
Total: 2.249600 ms (FindLiveObjects: 0.207700 ms CreateObjectMapping: 0.057200 ms MarkObjects: 1.963000 ms  DeleteObjects: 0.020000 ms)

========================================================================
Received Import Request.
  Time since last request: 26.326389 seconds.
  path: Assets/Animations/Basic Zombie/Basic Zombie Walk Animation.anim
  artifactKey: Guid(d50259c1ad45a134797be501dd0d1e38) Importer(815301076,1909f56bfc062723c751e8b465ee728b)
Start importing Assets/Animations/Basic Zombie/Basic Zombie Walk Animation.anim using Guid(d50259c1ad45a134797be501dd0d1e38) Importer(815301076,1909f56bfc062723c751e8b465ee728b)  -> (artifact id: '48cb057c4ae333d219b7049320b10e71') in 0.015436 seconds
  Import took 0.017875 seconds .

========================================================================
Received Prepare
Registering precompiled user dll's ...
Registered in 0.003825 seconds.
Begin MonoManager ReloadAssembly
Native extension for WindowsStandalone target not found
Native extension for WebGL target not found
Refreshing native plugins compatible for Editor in 0.31 ms, found 0 plugins.
Preloading 0 native plugins for Editor in 0.00 ms.
Invoked RoslynAnalysisRunner static constructor.
RoslynAnalysisRunner will not be running.
RoslynAnalysisRunner has terminated.
Mono: successfully reloaded assembly
- Completed reload, in  0.959 seconds
Platform modules already initialized, skipping
Refreshing native plugins compatible for Editor in 0.23 ms, found 0 plugins.
Preloading 0 native plugins for Editor in 0.00 ms.
Unloading 1207 Unused Serialized files (Serialized files now loaded: 0)
System memory in use before: 67.8 MB.
System memory in use after: 67.9 MB.

Unloading 4 unused Assets to reduce memory usage. Loaded Objects now: 1727.
Total: 1.643400 ms (FindLiveObjects: 0.144200 ms CreateObjectMapping: 0.042000 ms MarkObjects: 1.440900 ms  DeleteObjects: 0.015000 ms)

AssetImportWorkerClient::OnTransportError - code=2 error=End of file
